SPARK_MAJOR_VERSION is set to 2, using Spark2
18/08/05 06:00:07 INFO SparkContext: Running Spark version 2.3.0.2.6.5.0-292
18/08/05 06:00:07 INFO SparkContext: Submitted application: motels-home-recommendation
18/08/05 06:00:08 INFO SecurityManager: Changing view acls to: root
18/08/05 06:00:08 INFO SecurityManager: Changing modify acls to: root
18/08/05 06:00:08 INFO SecurityManager: Changing view acls groups to:
18/08/05 06:00:08 INFO SecurityManager: Changing modify acls groups to:
18/08/05 06:00:08 INFO SecurityManager: SecurityManager: authentication disabled; ui acls disabled; users  with view permissions: Set(root); groups with view permissions: Set(); users  with modify permissions: Set(root); groups with modify permissions: Set()
18/08/05 06:00:08 INFO Utils: Successfully started service 'sparkDriver' on port 46219.
18/08/05 06:00:08 INFO SparkEnv: Registering MapOutputTracker
18/08/05 06:00:08 INFO SparkEnv: Registering BlockManagerMaster
18/08/05 06:00:08 INFO BlockManagerMasterEndpoint: Using org.apache.spark.storage.DefaultTopologyMapper for getting topology information
18/08/05 06:00:08 INFO BlockManagerMasterEndpoint: BlockManagerMasterEndpoint up
18/08/05 06:00:08 INFO DiskBlockManager: Created local directory at /tmp/blockmgr-f4e365e4-dd55-4183-9886-116b62b6e3c5
18/08/05 06:00:08 INFO MemoryStore: MemoryStore started with capacity 366.3 MB
18/08/05 06:00:08 INFO SparkEnv: Registering OutputCommitCoordinator
18/08/05 06:00:08 INFO log: Logging initialized @3052ms
18/08/05 06:00:08 INFO Server: jetty-9.3.z-SNAPSHOT
18/08/05 06:00:08 INFO Server: Started @3216ms
18/08/05 06:00:08 INFO AbstractConnector: Started ServerConnector@65f87a2c{HTTP/1.1,[http/1.1]}{0.0.0.0:4040}
18/08/05 06:00:08 INFO Utils: Successfully started service 'SparkUI' on port 4040.
18/08/05 06:00:08 INFO ContextHandler: Started o.s.j.s.ServletContextHandler@60d84f61{/jobs,null,AVAILABLE,@Spark}
18/08/05 06:00:08 INFO ContextHandler: Started o.s.j.s.ServletContextHandler@2f40a43{/jobs/json,null,AVAILABLE,@Spark}
18/08/05 06:00:08 INFO ContextHandler: Started o.s.j.s.ServletContextHandler@3caa4757{/jobs/job,null,AVAILABLE,@Spark}
18/08/05 06:00:08 INFO ContextHandler: Started o.s.j.s.ServletContextHandler@1804f60d{/jobs/job/json,null,AVAILABLE,@Spark}
18/08/05 06:00:08 INFO ContextHandler: Started o.s.j.s.ServletContextHandler@3a80515c{/stages,null,AVAILABLE,@Spark}
18/08/05 06:00:08 INFO ContextHandler: Started o.s.j.s.ServletContextHandler@547e29a4{/stages/json,null,AVAILABLE,@Spark}
18/08/05 06:00:08 INFO ContextHandler: Started o.s.j.s.ServletContextHandler@1c807b1d{/stages/stage,null,AVAILABLE,@Spark}
18/08/05 06:00:08 INFO ContextHandler: Started o.s.j.s.ServletContextHandler@3e2fc448{/stages/stage/json,null,AVAILABLE,@Spark}
18/08/05 06:00:08 INFO ContextHandler: Started o.s.j.s.ServletContextHandler@21680803{/stages/pool,null,AVAILABLE,@Spark}
18/08/05 06:00:08 INFO ContextHandler: Started o.s.j.s.ServletContextHandler@588ab592{/stages/pool/json,null,AVAILABLE,@Spark}
18/08/05 06:00:08 INFO ContextHandler: Started o.s.j.s.ServletContextHandler@c8b96ec{/storage,null,AVAILABLE,@Spark}
18/08/05 06:00:08 INFO ContextHandler: Started o.s.j.s.ServletContextHandler@4cc61eb1{/storage/json,null,AVAILABLE,@Spark}
18/08/05 06:00:08 INFO ContextHandler: Started o.s.j.s.ServletContextHandler@2d8f2f3a{/storage/rdd,null,AVAILABLE,@Spark}
18/08/05 06:00:08 INFO ContextHandler: Started o.s.j.s.ServletContextHandler@2024293c{/storage/rdd/json,null,AVAILABLE,@Spark}
18/08/05 06:00:08 INFO ContextHandler: Started o.s.j.s.ServletContextHandler@7048f722{/environment,null,AVAILABLE,@Spark}
18/08/05 06:00:08 INFO ContextHandler: Started o.s.j.s.ServletContextHandler@c074c0c{/environment/json,null,AVAILABLE,@Spark}
18/08/05 06:00:08 INFO ContextHandler: Started o.s.j.s.ServletContextHandler@58a55449{/executors,null,AVAILABLE,@Spark}
18/08/05 06:00:08 INFO ContextHandler: Started o.s.j.s.ServletContextHandler@5949eba8{/executors/json,null,AVAILABLE,@Spark}
18/08/05 06:00:08 INFO ContextHandler: Started o.s.j.s.ServletContextHandler@6e0ff644{/executors/threadDump,null,AVAILABLE,@Spark}
18/08/05 06:00:08 INFO ContextHandler: Started o.s.j.s.ServletContextHandler@58dea0a5{/executors/threadDump/json,null,AVAILABLE,@Spark}
18/08/05 06:00:08 INFO ContextHandler: Started o.s.j.s.ServletContextHandler@2a2bb0eb{/static,null,AVAILABLE,@Spark}
18/08/05 06:00:08 INFO ContextHandler: Started o.s.j.s.ServletContextHandler@255990cc{/,null,AVAILABLE,@Spark}
18/08/05 06:00:08 INFO ContextHandler: Started o.s.j.s.ServletContextHandler@51c929ae{/api,null,AVAILABLE,@Spark}
18/08/05 06:00:08 INFO ContextHandler: Started o.s.j.s.ServletContextHandler@58783f6c{/jobs/job/kill,null,AVAILABLE,@Spark}
18/08/05 06:00:08 INFO ContextHandler: Started o.s.j.s.ServletContextHandler@3a7b503d{/stages/stage/kill,null,AVAILABLE,@Spark}
18/08/05 06:00:08 INFO SparkUI: Bound SparkUI to 0.0.0.0, and started at http://sandbox-hdp.hortonworks.com:4040
18/08/05 06:00:09 INFO SparkContext: Added JAR file:/root/src/spark/spark-core-homework-1.0.0.jar at spark://sandbox-hdp.hortonworks.com:46219/jars/spark-core-homework-1.0.0.jar with timestamp 1533448809133
18/08/05 06:00:09 INFO Executor: Starting executor ID driver on host localhost
18/08/05 06:00:09 INFO Utils: Successfully started service 'org.apache.spark.network.netty.NettyBlockTransferService' on port 35997.
18/08/05 06:00:09 INFO NettyBlockTransferService: Server created on sandbox-hdp.hortonworks.com:35997
18/08/05 06:00:09 INFO BlockManager: Using org.apache.spark.storage.RandomBlockReplicationPolicy for block replication policy
18/08/05 06:00:09 INFO BlockManagerMaster: Registering BlockManager BlockManagerId(driver, sandbox-hdp.hortonworks.com, 35997, None)
18/08/05 06:00:09 INFO BlockManagerMasterEndpoint: Registering block manager sandbox-hdp.hortonworks.com:35997 with 366.3 MB RAM, BlockManagerId(driver, sandbox-hdp.hortonworks.com, 35997, None)
18/08/05 06:00:09 INFO BlockManagerMaster: Registered BlockManager BlockManagerId(driver, sandbox-hdp.hortonworks.com, 35997, None)
18/08/05 06:00:09 INFO BlockManager: Initialized BlockManager: BlockManagerId(driver, sandbox-hdp.hortonworks.com, 35997, None)
18/08/05 06:00:09 INFO ContextHandler: Started o.s.j.s.ServletContextHandler@703feacd{/metrics/json,null,AVAILABLE,@Spark}
18/08/05 06:00:11 INFO EventLoggingListener: Logging events to hdfs:/spark2-history/local-1533448809250
18/08/05 06:00:12 INFO MemoryStore: Block broadcast_0 stored as values in memory (estimated size 360.4 KB, free 365.9 MB)
18/08/05 06:00:12 INFO MemoryStore: Block broadcast_0_piece0 stored as bytes in memory (estimated size 32.2 KB, free 365.9 MB)
18/08/05 06:00:12 INFO BlockManagerInfo: Added broadcast_0_piece0 in memory on sandbox-hdp.hortonworks.com:35997 (size: 32.2 KB, free: 366.3 MB)
18/08/05 06:00:12 INFO SparkContext: Created broadcast 0 from textFile at MotelsHomeRecommendation.scala:79
18/08/05 06:00:12 INFO FileInputFormat: Total input paths to process : 1
18/08/05 06:00:12 INFO deprecation: mapred.output.dir is deprecated. Instead, use mapreduce.output.fileoutputformat.outputdir
18/08/05 06:00:12 INFO FileOutputCommitter: File Output Committer Algorithm version is 1
18/08/05 06:00:12 INFO FileOutputCommitter: FileOutputCommitter skip cleanup _temporary folders under output directory:false, ignore cleanup failures: false
18/08/05 06:00:12 INFO SparkContext: Starting job: runJob at SparkHadoopWriter.scala:78
18/08/05 06:00:12 INFO DAGScheduler: Registering RDD 5 (groupBy at MotelsHomeRecommendation.scala:84)
18/08/05 06:00:12 INFO DAGScheduler: Got job 0 (runJob at SparkHadoopWriter.scala:78) with 1 output partitions
18/08/05 06:00:12 INFO DAGScheduler: Final stage: ResultStage 1 (runJob at SparkHadoopWriter.scala:78)
18/08/05 06:00:12 INFO DAGScheduler: Parents of final stage: List(ShuffleMapStage 0)
18/08/05 06:00:12 INFO DAGScheduler: Missing parents: List(ShuffleMapStage 0)
18/08/05 06:00:12 INFO DAGScheduler: Submitting ShuffleMapStage 0 (MapPartitionsRDD[5] at groupBy at MotelsHomeRecommendation.scala:84), which has no missing parents
18/08/05 06:00:12 INFO MemoryStore: Block broadcast_1 stored as values in memory (estimated size 6.1 KB, free 365.9 MB)
18/08/05 06:00:12 INFO MemoryStore: Block broadcast_1_piece0 stored as bytes in memory (estimated size 3.2 KB, free 365.9 MB)
18/08/05 06:00:12 INFO BlockManagerInfo: Added broadcast_1_piece0 in memory on sandbox-hdp.hortonworks.com:35997 (size: 3.2 KB, free: 366.3 MB)
18/08/05 06:00:12 INFO SparkContext: Created broadcast 1 from broadcast at DAGScheduler.scala:1039
18/08/05 06:00:12 INFO DAGScheduler: Submitting 1 missing tasks from ShuffleMapStage 0 (MapPartitionsRDD[5] at groupBy at MotelsHomeRecommendation.scala:84) (first 15 tasks are for partitions Vector(0))
18/08/05 06:00:12 INFO TaskSchedulerImpl: Adding task set 0.0 with 1 tasks
18/08/05 06:00:12 INFO TaskSetManager: Starting task 0.0 in stage 0.0 (TID 0, localhost, executor driver, partition 0, ANY, 7912 bytes)
18/08/05 06:00:12 INFO Executor: Running task 0.0 in stage 0.0 (TID 0)
18/08/05 06:00:12 INFO Executor: Fetching spark://sandbox-hdp.hortonworks.com:46219/jars/spark-core-homework-1.0.0.jar with timestamp 1533448809133
18/08/05 06:00:12 INFO TransportClientFactory: Successfully created connection to sandbox-hdp.hortonworks.com/172.18.0.2:46219 after 28 ms (0 ms spent in bootstraps)
18/08/05 06:00:12 INFO Utils: Fetching spark://sandbox-hdp.hortonworks.com:46219/jars/spark-core-homework-1.0.0.jar to /tmp/spark-01678c72-0787-4941-a967-5d299bb52e7f/userFiles-d0b5226a-bd8e-44e7-8218-956c3eb2dbd7/fetchFileTemp3587373664696323225.tmp
18/08/05 06:00:13 INFO Executor: Adding file:/tmp/spark-01678c72-0787-4941-a967-5d299bb52e7f/userFiles-d0b5226a-bd8e-44e7-8218-956c3eb2dbd7/spark-core-homework-1.0.0.jar to class loader
18/08/05 06:00:13 INFO HadoopRDD: Input split: hdfs://sandbox-hdp.hortonworks.com:8020/user/root/integration/input/bids.txt:0+405388
18/08/05 06:00:13 INFO Executor: Finished task 0.0 in stage 0.0 (TID 0). 1039 bytes result sent to driver
18/08/05 06:00:13 INFO TaskSetManager: Finished task 0.0 in stage 0.0 (TID 0) in 955 ms on localhost (executor driver) (1/1)
18/08/05 06:00:13 INFO TaskSchedulerImpl: Removed TaskSet 0.0, whose tasks have all completed, from pool
18/08/05 06:00:13 INFO DAGScheduler: ShuffleMapStage 0 (groupBy at MotelsHomeRecommendation.scala:84) finished in 1.051 s
18/08/05 06:00:13 INFO DAGScheduler: looking for newly runnable stages
18/08/05 06:00:13 INFO DAGScheduler: running: Set()
18/08/05 06:00:13 INFO DAGScheduler: waiting: Set(ResultStage 1)
18/08/05 06:00:13 INFO DAGScheduler: failed: Set()
18/08/05 06:00:13 INFO DAGScheduler: Submitting ResultStage 1 (MapPartitionsRDD[8] at saveAsTextFile at MotelsHomeRecommendation.scala:43), which has no missing parents
18/08/05 06:00:13 INFO MemoryStore: Block broadcast_2 stored as values in memory (estimated size 96.9 KB, free 365.8 MB)
18/08/05 06:00:13 INFO MemoryStore: Block broadcast_2_piece0 stored as bytes in memory (estimated size 37.0 KB, free 365.8 MB)
18/08/05 06:00:13 INFO BlockManagerInfo: Added broadcast_2_piece0 in memory on sandbox-hdp.hortonworks.com:35997 (size: 37.0 KB, free: 366.2 MB)
18/08/05 06:00:13 INFO SparkContext: Created broadcast 2 from broadcast at DAGScheduler.scala:1039
18/08/05 06:00:13 INFO DAGScheduler: Submitting 1 missing tasks from ResultStage 1 (MapPartitionsRDD[8] at saveAsTextFile at MotelsHomeRecommendation.scala:43) (first 15 tasks are for partitions Vector(0))
18/08/05 06:00:13 INFO TaskSchedulerImpl: Adding task set 1.0 with 1 tasks
18/08/05 06:00:13 INFO TaskSetManager: Starting task 0.0 in stage 1.0 (TID 1, localhost, executor driver, partition 0, ANY, 7649 bytes)
18/08/05 06:00:13 INFO Executor: Running task 0.0 in stage 1.0 (TID 1)
18/08/05 06:00:13 INFO ShuffleBlockFetcherIterator: Getting 1 non-empty blocks out of 1 blocks
18/08/05 06:00:13 INFO ShuffleBlockFetcherIterator: Started 0 remote fetches in 7 ms
18/08/05 06:00:14 INFO FileOutputCommitter: File Output Committer Algorithm version is 1
18/08/05 06:00:14 INFO FileOutputCommitter: FileOutputCommitter skip cleanup _temporary folders under output directory:false, ignore cleanup failures: false
18/08/05 06:00:14 INFO FileOutputCommitter: Saved output of task 'attempt_20180805060012_0008_m_000000_0' to hdfs://sandbox-hdp.hortonworks.com:8020/tmp/spark-core/erroneous/_temporary/0/task_20180805060012_0008_m_000000
18/08/05 06:00:14 INFO SparkHadoopMapRedUtil: attempt_20180805060012_0008_m_000000_0: Committed
18/08/05 06:00:14 INFO Executor: Finished task 0.0 in stage 1.0 (TID 1). 1502 bytes result sent to driver
18/08/05 06:00:14 INFO TaskSetManager: Finished task 0.0 in stage 1.0 (TID 1) in 731 ms on localhost (executor driver) (1/1)
18/08/05 06:00:14 INFO TaskSchedulerImpl: Removed TaskSet 1.0, whose tasks have all completed, from pool
18/08/05 06:00:14 INFO DAGScheduler: ResultStage 1 (runJob at SparkHadoopWriter.scala:78) finished in 0.820 s
18/08/05 06:00:14 INFO DAGScheduler: Job 0 finished: runJob at SparkHadoopWriter.scala:78, took 1.972661 s
18/08/05 06:00:14 INFO SparkHadoopWriter: Job job_20180805060012_0008 committed.
18/08/05 06:00:14 INFO MemoryStore: Block broadcast_3 stored as values in memory (estimated size 360.4 KB, free 365.4 MB)
18/08/05 06:00:14 INFO MemoryStore: Block broadcast_3_piece0 stored as bytes in memory (estimated size 32.2 KB, free 365.4 MB)
18/08/05 06:00:14 INFO BlockManagerInfo: Added broadcast_3_piece0 in memory on sandbox-hdp.hortonworks.com:35997 (size: 32.2 KB, free: 366.2 MB)
18/08/05 06:00:14 INFO ContextCleaner: Cleaned accumulator 11
18/08/05 06:00:14 INFO ContextCleaner: Cleaned accumulator 17
18/08/05 06:00:14 INFO ContextCleaner: Cleaned accumulator 2
18/08/05 06:00:14 INFO ContextCleaner: Cleaned accumulator 47
18/08/05 06:00:14 INFO ContextCleaner: Cleaned accumulator 28
18/08/05 06:00:14 INFO ContextCleaner: Cleaned accumulator 48
18/08/05 06:00:14 INFO ContextCleaner: Cleaned accumulator 4
18/08/05 06:00:14 INFO ContextCleaner: Cleaned accumulator 13
18/08/05 06:00:14 INFO ContextCleaner: Cleaned accumulator 1
18/08/05 06:00:14 INFO ContextCleaner: Cleaned accumulator 46
18/08/05 06:00:14 INFO ContextCleaner: Cleaned accumulator 20
18/08/05 06:00:14 INFO ContextCleaner: Cleaned accumulator 10
18/08/05 06:00:14 INFO ContextCleaner: Cleaned accumulator 24
18/08/05 06:00:14 INFO ContextCleaner: Cleaned accumulator 30
18/08/05 06:00:14 INFO ContextCleaner: Cleaned accumulator 49
18/08/05 06:00:14 INFO ContextCleaner: Cleaned accumulator 40
18/08/05 06:00:14 INFO ContextCleaner: Cleaned accumulator 6
18/08/05 06:00:14 INFO ContextCleaner: Cleaned accumulator 14
18/08/05 06:00:14 INFO ContextCleaner: Cleaned accumulator 36
18/08/05 06:00:14 INFO ContextCleaner: Cleaned accumulator 18
18/08/05 06:00:14 INFO SparkContext: Created broadcast 3 from textFile at MotelsHomeRecommendation.scala:88
18/08/05 06:00:14 INFO FileInputFormat: Total input paths to process : 1
18/08/05 06:00:14 INFO BlockManagerInfo: Removed broadcast_1_piece0 on sandbox-hdp.hortonworks.com:35997 in memory (size: 3.2 KB, free: 366.2 MB)
18/08/05 06:00:14 INFO SparkContext: Starting job: collect at MotelsHomeRecommendation.scala:89
18/08/05 06:00:14 INFO DAGScheduler: Got job 1 (collect at MotelsHomeRecommendation.scala:89) with 1 output partitions
18/08/05 06:00:14 INFO DAGScheduler: Final stage: ResultStage 2 (collect at MotelsHomeRecommendation.scala:89)
18/08/05 06:00:14 INFO DAGScheduler: Parents of final stage: List()
18/08/05 06:00:14 INFO DAGScheduler: Missing parents: List()
18/08/05 06:00:14 INFO DAGScheduler: Submitting ResultStage 2 (MapPartitionsRDD[11] at map at MotelsHomeRecommendation.scala:89), which has no missing parents
18/08/05 06:00:14 INFO MemoryStore: Block broadcast_4 stored as values in memory (estimated size 3.5 KB, free 365.4 MB)
18/08/05 06:00:14 INFO MemoryStore: Block broadcast_4_piece0 stored as bytes in memory (estimated size 2.0 KB, free 365.4 MB)
18/08/05 06:00:14 INFO BlockManagerInfo: Added broadcast_4_piece0 in memory on sandbox-hdp.hortonworks.com:35997 (size: 2.0 KB, free: 366.2 MB)
18/08/05 06:00:14 INFO SparkContext: Created broadcast 4 from broadcast at DAGScheduler.scala:1039
18/08/05 06:00:14 INFO DAGScheduler: Submitting 1 missing tasks from ResultStage 2 (MapPartitionsRDD[11] at map at MotelsHomeRecommendation.scala:89) (first 15 tasks are for partitions Vector(0))
18/08/05 06:00:14 INFO TaskSchedulerImpl: Adding task set 2.0 with 1 tasks
18/08/05 06:00:14 INFO TaskSetManager: Starting task 0.0 in stage 2.0 (TID 2, localhost, executor driver, partition 0, ANY, 7932 bytes)
18/08/05 06:00:14 INFO Executor: Running task 0.0 in stage 2.0 (TID 2)
18/08/05 06:00:14 INFO HadoopRDD: Input split: hdfs://sandbox-hdp.hortonworks.com:8020/user/root/integration/input/exchange_rate.txt:0+254040
18/08/05 06:00:14 INFO BlockManagerInfo: Removed broadcast_2_piece0 on sandbox-hdp.hortonworks.com:35997 in memory (size: 37.0 KB, free: 366.2 MB)
18/08/05 06:00:14 INFO ContextCleaner: Cleaned accumulator 43
18/08/05 06:00:14 INFO ContextCleaner: Cleaned accumulator 16
18/08/05 06:00:14 INFO ContextCleaner: Cleaned accumulator 9
18/08/05 06:00:14 INFO ContextCleaner: Cleaned accumulator 8
18/08/05 06:00:14 INFO ContextCleaner: Cleaned accumulator 39
18/08/05 06:00:14 INFO ContextCleaner: Cleaned accumulator 32
18/08/05 06:00:14 INFO ContextCleaner: Cleaned accumulator 38
18/08/05 06:00:14 INFO ContextCleaner: Cleaned accumulator 45
18/08/05 06:00:14 INFO ContextCleaner: Cleaned accumulator 3
18/08/05 06:00:14 INFO ContextCleaner: Cleaned accumulator 21
18/08/05 06:00:14 INFO ContextCleaner: Cleaned accumulator 12
18/08/05 06:00:14 INFO ContextCleaner: Cleaned accumulator 33
18/08/05 06:00:14 INFO ContextCleaner: Cleaned accumulator 27
18/08/05 06:00:14 INFO ContextCleaner: Cleaned accumulator 37
18/08/05 06:00:14 INFO ContextCleaner: Cleaned accumulator 25
18/08/05 06:00:14 INFO ContextCleaner: Cleaned accumulator 42
18/08/05 06:00:14 INFO ContextCleaner: Cleaned accumulator 19
18/08/05 06:00:14 INFO ContextCleaner: Cleaned accumulator 23
18/08/05 06:00:14 INFO ContextCleaner: Cleaned accumulator 31
18/08/05 06:00:14 INFO ContextCleaner: Cleaned accumulator 15
18/08/05 06:00:14 INFO ContextCleaner: Cleaned accumulator 5
18/08/05 06:00:14 INFO ContextCleaner: Cleaned accumulator 34
18/08/05 06:00:14 INFO ContextCleaner: Cleaned accumulator 0
18/08/05 06:00:14 INFO ContextCleaner: Cleaned accumulator 22
18/08/05 06:00:14 INFO ContextCleaner: Cleaned accumulator 44
18/08/05 06:00:14 INFO ContextCleaner: Cleaned accumulator 29
18/08/05 06:00:14 INFO ContextCleaner: Cleaned accumulator 35
18/08/05 06:00:14 INFO ContextCleaner: Cleaned accumulator 26
18/08/05 06:00:14 INFO ContextCleaner: Cleaned accumulator 7
18/08/05 06:00:14 INFO ContextCleaner: Cleaned accumulator 41
18/08/05 06:00:15 INFO Executor: Finished task 0.0 in stage 2.0 (TID 2). 317858 bytes result sent to driver
18/08/05 06:00:15 INFO TaskSetManager: Finished task 0.0 in stage 2.0 (TID 2) in 261 ms on localhost (executor driver) (1/1)
18/08/05 06:00:15 INFO TaskSchedulerImpl: Removed TaskSet 2.0, whose tasks have all completed, from pool
18/08/05 06:00:15 INFO DAGScheduler: ResultStage 2 (collect at MotelsHomeRecommendation.scala:89) finished in 0.272 s
18/08/05 06:00:15 INFO DAGScheduler: Job 1 finished: collect at MotelsHomeRecommendation.scala:89, took 0.275962 s
18/08/05 06:00:15 INFO MemoryStore: Block broadcast_5 stored as values in memory (estimated size 360.4 KB, free 365.2 MB)
18/08/05 06:00:15 INFO MemoryStore: Block broadcast_5_piece0 stored as bytes in memory (estimated size 32.2 KB, free 365.1 MB)
18/08/05 06:00:15 INFO BlockManagerInfo: Added broadcast_5_piece0 in memory on sandbox-hdp.hortonworks.com:35997 (size: 32.2 KB, free: 366.2 MB)
18/08/05 06:00:15 INFO SparkContext: Created broadcast 5 from textFile at MotelsHomeRecommendation.scala:102
18/08/05 06:00:15 INFO FileInputFormat: Total input paths to process : 1
18/08/05 06:00:15 INFO FileOutputCommitter: File Output Committer Algorithm version is 1
18/08/05 06:00:15 INFO FileOutputCommitter: FileOutputCommitter skip cleanup _temporary folders under output directory:false, ignore cleanup failures: false
18/08/05 06:00:15 INFO SparkContext: Starting job: runJob at SparkHadoopWriter.scala:78
18/08/05 06:00:15 INFO DAGScheduler: Registering RDD 18 (map at MotelsHomeRecommendation.scala:103)
18/08/05 06:00:15 INFO DAGScheduler: Registering RDD 19 (map at MotelsHomeRecommendation.scala:107)
18/08/05 06:00:15 INFO DAGScheduler: Got job 2 (runJob at SparkHadoopWriter.scala:78) with 1 output partitions
18/08/05 06:00:15 INFO DAGScheduler: Final stage: ResultStage 5 (runJob at SparkHadoopWriter.scala:78)
18/08/05 06:00:15 INFO DAGScheduler: Parents of final stage: List(ShuffleMapStage 3, ShuffleMapStage 4)
18/08/05 06:00:15 INFO DAGScheduler: Missing parents: List(ShuffleMapStage 3, ShuffleMapStage 4)
18/08/05 06:00:15 INFO DAGScheduler: Submitting ShuffleMapStage 3 (MapPartitionsRDD[18] at map at MotelsHomeRecommendation.scala:103), which has no missing parents
18/08/05 06:00:15 INFO MemoryStore: Block broadcast_6 stored as values in memory (estimated size 4.1 KB, free 365.1 MB)
18/08/05 06:00:15 INFO MemoryStore: Block broadcast_6_piece0 stored as bytes in memory (estimated size 2.4 KB, free 365.1 MB)
18/08/05 06:00:15 INFO BlockManagerInfo: Added broadcast_6_piece0 in memory on sandbox-hdp.hortonworks.com:35997 (size: 2.4 KB, free: 366.2 MB)
18/08/05 06:00:15 INFO SparkContext: Created broadcast 6 from broadcast at DAGScheduler.scala:1039
18/08/05 06:00:15 INFO DAGScheduler: Submitting 1 missing tasks from ShuffleMapStage 3 (MapPartitionsRDD[18] at map at MotelsHomeRecommendation.scala:103) (first 15 tasks are for partitions Vector(0))
18/08/05 06:00:15 INFO TaskSchedulerImpl: Adding task set 3.0 with 1 tasks
18/08/05 06:00:15 INFO DAGScheduler: Submitting ShuffleMapStage 4 (MapPartitionsRDD[19] at map at MotelsHomeRecommendation.scala:107), which has no missing parents
18/08/05 06:00:15 INFO TaskSetManager: Starting task 0.0 in stage 3.0 (TID 3, localhost, executor driver, partition 0, ANY, 7914 bytes)
18/08/05 06:00:15 INFO Executor: Running task 0.0 in stage 3.0 (TID 3)
18/08/05 06:00:15 INFO HadoopRDD: Input split: hdfs://sandbox-hdp.hortonworks.com:8020/user/root/integration/input/motels.txt:0+5526
18/08/05 06:00:15 INFO Executor: Finished task 0.0 in stage 3.0 (TID 3). 996 bytes result sent to driver
18/08/05 06:00:15 INFO MemoryStore: Block broadcast_7 stored as values in memory (estimated size 261.9 KB, free 364.9 MB)
18/08/05 06:00:15 INFO TaskSetManager: Finished task 0.0 in stage 3.0 (TID 3) in 57 ms on localhost (executor driver) (1/1)
18/08/05 06:00:15 INFO TaskSchedulerImpl: Removed TaskSet 3.0, whose tasks have all completed, from pool
18/08/05 06:00:15 INFO MemoryStore: Block broadcast_7_piece0 stored as bytes in memory (estimated size 96.2 KB, free 364.8 MB)
18/08/05 06:00:15 INFO BlockManagerInfo: Added broadcast_7_piece0 in memory on sandbox-hdp.hortonworks.com:35997 (size: 96.2 KB, free: 366.1 MB)
18/08/05 06:00:15 INFO SparkContext: Created broadcast 7 from broadcast at DAGScheduler.scala:1039
18/08/05 06:00:15 INFO DAGScheduler: Submitting 1 missing tasks from ShuffleMapStage 4 (MapPartitionsRDD[19] at map at MotelsHomeRecommendation.scala:107) (first 15 tasks are for partitions Vector(0))
18/08/05 06:00:15 INFO TaskSchedulerImpl: Adding task set 4.0 with 1 tasks
18/08/05 06:00:15 INFO TaskSetManager: Starting task 0.0 in stage 4.0 (TID 4, localhost, executor driver, partition 0, ANY, 7912 bytes)
18/08/05 06:00:15 INFO DAGScheduler: ShuffleMapStage 3 (map at MotelsHomeRecommendation.scala:103) finished in 0.075 s
18/08/05 06:00:15 INFO DAGScheduler: looking for newly runnable stages
18/08/05 06:00:15 INFO DAGScheduler: running: Set(ShuffleMapStage 4)
18/08/05 06:00:15 INFO DAGScheduler: waiting: Set(ResultStage 5)
18/08/05 06:00:15 INFO DAGScheduler: failed: Set()
18/08/05 06:00:15 INFO Executor: Running task 0.0 in stage 4.0 (TID 4)
18/08/05 06:00:15 INFO HadoopRDD: Input split: hdfs://sandbox-hdp.hortonworks.com:8020/user/root/integration/input/bids.txt:0+405388
18/08/05 06:00:15 INFO Executor: Finished task 0.0 in stage 4.0 (TID 4). 996 bytes result sent to driver
18/08/05 06:00:15 INFO TaskSetManager: Finished task 0.0 in stage 4.0 (TID 4) in 514 ms on localhost (executor driver) (1/1)
18/08/05 06:00:15 INFO TaskSchedulerImpl: Removed TaskSet 4.0, whose tasks have all completed, from pool
18/08/05 06:00:15 INFO DAGScheduler: ShuffleMapStage 4 (map at MotelsHomeRecommendation.scala:107) finished in 0.560 s
18/08/05 06:00:15 INFO DAGScheduler: looking for newly runnable stages
18/08/05 06:00:15 INFO DAGScheduler: running: Set()
18/08/05 06:00:15 INFO DAGScheduler: waiting: Set(ResultStage 5)
18/08/05 06:00:15 INFO DAGScheduler: failed: Set()
18/08/05 06:00:15 INFO DAGScheduler: Submitting ResultStage 5 (MapPartitionsRDD[24] at saveAsTextFile at MotelsHomeRecommendation.scala:75), which has no missing parents
18/08/05 06:00:16 INFO MemoryStore: Block broadcast_8 stored as values in memory (estimated size 93.3 KB, free 364.7 MB)
18/08/05 06:00:16 INFO MemoryStore: Block broadcast_8_piece0 stored as bytes in memory (estimated size 35.2 KB, free 364.7 MB)
18/08/05 06:00:16 INFO BlockManagerInfo: Added broadcast_8_piece0 in memory on sandbox-hdp.hortonworks.com:35997 (size: 35.2 KB, free: 366.1 MB)
18/08/05 06:00:16 INFO SparkContext: Created broadcast 8 from broadcast at DAGScheduler.scala:1039
18/08/05 06:00:16 INFO DAGScheduler: Submitting 1 missing tasks from ResultStage 5 (MapPartitionsRDD[24] at saveAsTextFile at MotelsHomeRecommendation.scala:75) (first 15 tasks are for partitions Vector(0))
18/08/05 06:00:16 INFO TaskSchedulerImpl: Adding task set 5.0 with 1 tasks
18/08/05 06:00:16 INFO TaskSetManager: Starting task 0.0 in stage 5.0 (TID 5, localhost, executor driver, partition 0, PROCESS_LOCAL, 7712 bytes)
18/08/05 06:00:16 INFO Executor: Running task 0.0 in stage 5.0 (TID 5)
18/08/05 06:00:16 INFO ShuffleBlockFetcherIterator: Getting 1 non-empty blocks out of 1 blocks
18/08/05 06:00:16 INFO ShuffleBlockFetcherIterator: Started 0 remote fetches in 0 ms
18/08/05 06:00:16 INFO ShuffleBlockFetcherIterator: Getting 1 non-empty blocks out of 1 blocks
18/08/05 06:00:16 INFO ShuffleBlockFetcherIterator: Started 0 remote fetches in 0 ms
18/08/05 06:00:16 INFO FileOutputCommitter: File Output Committer Algorithm version is 1
18/08/05 06:00:16 INFO FileOutputCommitter: FileOutputCommitter skip cleanup _temporary folders under output directory:false, ignore cleanup failures: false
18/08/05 06:00:16 INFO FileOutputCommitter: Saved output of task 'attempt_20180805060015_0024_m_000000_0' to hdfs://sandbox-hdp.hortonworks.com:8020/tmp/spark-core/aggregated/_temporary/0/task_20180805060015_0024_m_000000
18/08/05 06:00:16 INFO SparkHadoopMapRedUtil: attempt_20180805060015_0024_m_000000_0: Committed
18/08/05 06:00:16 INFO Executor: Finished task 0.0 in stage 5.0 (TID 5). 1502 bytes result sent to driver
18/08/05 06:00:16 INFO TaskSetManager: Finished task 0.0 in stage 5.0 (TID 5) in 853 ms on localhost (executor driver) (1/1)
18/08/05 06:00:16 INFO TaskSchedulerImpl: Removed TaskSet 5.0, whose tasks have all completed, from pool
18/08/05 06:00:16 INFO DAGScheduler: ResultStage 5 (runJob at SparkHadoopWriter.scala:78) finished in 0.926 s
18/08/05 06:00:16 INFO DAGScheduler: Job 2 finished: runJob at SparkHadoopWriter.scala:78, took 1.547181 s
18/08/05 06:00:16 INFO SparkHadoopWriter: Job job_20180805060015_0024 committed.
18/08/05 06:00:16 INFO AbstractConnector: Stopped Spark@65f87a2c{HTTP/1.1,[http/1.1]}{0.0.0.0:4040}
18/08/05 06:00:16 INFO SparkUI: Stopped Spark web UI at http://sandbox-hdp.hortonworks.com:4040
18/08/05 06:00:17 INFO MapOutputTrackerMasterEndpoint: MapOutputTrackerMasterEndpoint stopped!
18/08/05 06:00:17 INFO MemoryStore: MemoryStore cleared
18/08/05 06:00:17 INFO BlockManager: BlockManager stopped
18/08/05 06:00:17 INFO BlockManagerMaster: BlockManagerMaster stopped
18/08/05 06:00:17 INFO OutputCommitCoordinator$OutputCommitCoordinatorEndpoint: OutputCommitCoordinator stopped!
18/08/05 06:00:17 INFO SparkContext: Successfully stopped SparkContext
18/08/05 06:00:17 INFO ShutdownHookManager: Shutdown hook called
18/08/05 06:00:17 INFO ShutdownHookManager: Deleting directory /tmp/spark-01678c72-0787-4941-a967-5d299bb52e7f
18/08/05 06:00:17 INFO ShutdownHookManager: Deleting directory /tmp/spark-425ccaf5-0aab-4150-8538-09bc8275862e
